\BOOKMARK [0][-]{section*.1}{\376\377\000A\000b\000s\000t\000r\000a\000c\000t}{}% 1
\BOOKMARK [0][-]{section*.2}{\376\377\000A\000c\000k\000n\000o\000w\000l\000e\000d\000g\000e\000m\000e\000n\000t\000s}{}% 2
\BOOKMARK [0][-]{chapter.6}{\376\377\000O\000b\000j\000e\000c\000t\000i\000v\000e\000s}{}% 3
\BOOKMARK [1][-]{section.7}{\376\377\000L\000e\000a\000r\000n\000i\000n\000g\000\040\000O\000b\000j\000e\000c\000t\000i\000v\000e\000s}{chapter.6}% 4
\BOOKMARK [1][-]{section.8}{\376\377\000P\000r\000o\000j\000e\000c\000t\000'\000s\000\040\000O\000b\000j\000e\000c\000t\000i\000v\000e\000s}{chapter.6}% 5
\BOOKMARK [0][-]{chapter.9}{\376\377\000D\000e\000e\000p\000\040\000R\000e\000i\000n\000f\000o\000r\000c\000e\000m\000e\000n\000t\000\040\000L\000e\000a\000r\000n\000i\000n\000g}{}% 6
\BOOKMARK [1][-]{section.10}{\376\377\000R\000e\000i\000n\000f\000o\000r\000c\000e\000m\000e\000n\000t\000\040\000L\000e\000a\000r\000n\000i\000n\000g}{chapter.9}% 7
\BOOKMARK [1][-]{section.11}{\376\377\000D\000e\000e\000p\000\040\000L\000e\000a\000r\000n\000i\000n\000g}{chapter.9}% 8
\BOOKMARK [1][-]{section.12}{\376\377\000D\000e\000e\000p\000\040\000R\000e\000i\000n\000f\000o\000r\000c\000e\000m\000e\000n\000t\000\040\000L\000e\000a\000r\000n\000i\000n\000g}{chapter.9}% 9
\BOOKMARK [0][-]{chapter.13}{\376\377\000G\000a\000m\000e\000s}{}% 10
\BOOKMARK [1][-]{section.14}{\376\377\000S\000l\000i\000d\000i\000n\000g\000\040\000P\000u\000z\000z\000l\000e}{chapter.13}% 11
\BOOKMARK [1][-]{section.15}{\376\377\000R\000u\000b\000i\000k\000s\000'\000\040\000C\000u\000b\000e}{chapter.13}% 12
\BOOKMARK [0][-]{chapter.16}{\376\377\000C\000o\000d\000e}{}% 13
\BOOKMARK [1][-]{section.17}{\376\377\000C\000o\000d\000e\000\040\000o\000r\000g\000a\000n\000i\000s\000a\000t\000i\000o\000n}{chapter.16}% 14
\BOOKMARK [1][-]{section.18}{\376\377\000D\000R\000L\000\040\000T\000r\000a\000i\000n\000i\000n\000g}{chapter.16}% 15
\BOOKMARK [1][-]{section.19}{\376\377\000S\000o\000l\000v\000e\000r\000s\000\040\000C\000o\000m\000p\000a\000r\000i\000s\000o\000n}{chapter.16}% 16
\BOOKMARK [0][-]{chapter.20}{\376\377\000S\000l\000i\000d\000i\000n\000g\000\040\000P\000u\000z\000z\000l\000e}{}% 17
\BOOKMARK [1][-]{section.21}{\376\377\0002\000x\0002}{chapter.20}% 18
\BOOKMARK [1][-]{section.22}{\376\377\0003\000x\0003}{chapter.20}% 19
\BOOKMARK [1][-]{section.23}{\376\377\0004\000x\0004}{chapter.20}% 20
\BOOKMARK [0][-]{chapter.24}{\376\377\000R\000u\000b\000i\000k\000s\000'\000\040\000C\000u\000b\000e}{}% 21
\BOOKMARK [1][-]{section.25}{\376\377\0002\000x\0002\000x\0002}{chapter.24}% 22
\BOOKMARK [1][-]{section.26}{\376\377\0003\000x\0003\000x\0003}{chapter.24}% 23
